[debug] [2024-04-09T14:55:39.047Z] ----------------------------------------------------------------------
[debug] [2024-04-09T14:55:39.050Z] Command:       C:\Program Files\nodejs\node.exe C:\Users\damie\AppData\Roaming\npm\node_modules\firebase-tools\lib\bin\firebase.js emulators:start --only functions
[debug] [2024-04-09T14:55:39.051Z] CLI Version:   13.7.1
[debug] [2024-04-09T14:55:39.051Z] Platform:      win32
[debug] [2024-04-09T14:55:39.051Z] Node Version:  v20.12.0
[debug] [2024-04-09T14:55:39.051Z] Time:          Tue Apr 09 2024 16:55:39 GMT+0200 (heure d’été d’Europe centrale)
[debug] [2024-04-09T14:55:39.051Z] ----------------------------------------------------------------------
[debug] 
[debug] [2024-04-09T14:55:39.209Z] > command requires scopes: ["email","openid","https://www.googleapis.com/auth/cloudplatformprojects.readonly","https://www.googleapis.com/auth/firebase","https://www.googleapis.com/auth/cloud-platform"]
[debug] [2024-04-09T14:55:39.210Z] > authorizing via signed-in user (damien.pasquer3636@gmail.com)
[info] i  emulators: Starting emulators: functions {"metadata":{"emulator":{"name":"hub"},"message":"Starting emulators: functions"}}
[debug] [2024-04-09T14:55:39.220Z] [logging] Logging Emulator only supports listening on one address (127.0.0.1). Not listening on ::1
[debug] [2024-04-09T14:55:39.220Z] assigned listening specs for emulators {"user":{"hub":[{"address":"127.0.0.1","family":"IPv4","port":4400},{"address":"::1","family":"IPv6","port":4400}],"ui":[{"address":"127.0.0.1","family":"IPv4","port":8081},{"address":"::1","family":"IPv6","port":8081}],"logging":[{"address":"127.0.0.1","family":"IPv4","port":4500}]},"metadata":{"message":"assigned listening specs for emulators"}}
[debug] [2024-04-09T14:55:39.228Z] [hub] writing locator at C:\Users\damie\AppData\Local\Temp\hub-serveurnodejs.json
[debug] [2024-04-09T14:55:39.253Z] [functions] Functions Emulator only supports listening on one address (127.0.0.1). Not listening on ::1
[debug] [2024-04-09T14:55:39.254Z] [eventarc] Eventarc Emulator only supports listening on one address (127.0.0.1). Not listening on ::1
[debug] [2024-04-09T14:55:39.254Z] late-assigned ports for functions and eventarc emulators {"user":{"hub":[{"address":"127.0.0.1","family":"IPv4","port":4400},{"address":"::1","family":"IPv6","port":4400}],"ui":[{"address":"127.0.0.1","family":"IPv4","port":8081},{"address":"::1","family":"IPv6","port":8081}],"logging":[{"address":"127.0.0.1","family":"IPv4","port":4500}],"functions":[{"address":"127.0.0.1","family":"IPv4","port":5001}],"eventarc":[{"address":"127.0.0.1","family":"IPv4","port":9299}]},"metadata":{"message":"late-assigned ports for functions and eventarc emulators"}}
[warn] !  functions: The following emulators are not running, calls to these services from the Functions emulator will affect production: auth, firestore, database, hosting, pubsub, storage {"metadata":{"emulator":{"name":"functions"},"message":"The following emulators are not running, calls to these services from the Functions emulator will affect production: \u001b[1mauth, firestore, database, hosting, pubsub, storage\u001b[22m"}}
[debug] [2024-04-09T14:55:39.260Z] defaultcredentials: writing to file C:\Users\damie\AppData\Roaming\firebase\damien_pasquer3636_gmail.com_application_default_credentials.json
[debug] [2024-04-09T14:55:39.265Z] Setting GAC to C:\Users\damie\AppData\Roaming\firebase\damien_pasquer3636_gmail.com_application_default_credentials.json {"metadata":{"emulator":{"name":"functions"},"message":"Setting GAC to C:\\Users\\damie\\AppData\\Roaming\\firebase\\damien_pasquer3636_gmail.com_application_default_credentials.json"}}
[debug] [2024-04-09T14:55:39.268Z] >>> [apiv2][query] GET https://firebase.googleapis.com/v1beta1/projects/serveurnodejs/adminSdkConfig [none]
[debug] [2024-04-09T14:55:39.627Z] <<< [apiv2][status] GET https://firebase.googleapis.com/v1beta1/projects/serveurnodejs/adminSdkConfig 200
[debug] [2024-04-09T14:55:39.628Z] <<< [apiv2][body] GET https://firebase.googleapis.com/v1beta1/projects/serveurnodejs/adminSdkConfig {"projectId":"serveurnodejs","storageBucket":"serveurnodejs.appspot.com"}
[debug] [2024-04-09T14:55:39.647Z] Ignoring unsupported arg: auto_download {"metadata":{"emulator":{"name":"ui"},"message":"Ignoring unsupported arg: auto_download"}}
[debug] [2024-04-09T14:55:39.647Z] Ignoring unsupported arg: port {"metadata":{"emulator":{"name":"ui"},"message":"Ignoring unsupported arg: port"}}
[debug] [2024-04-09T14:55:39.647Z] Starting Emulator UI with command {"binary":"node","args":["C:\\Users\\damie\\.cache\\firebase\\emulators\\ui-v1.11.8\\server\\server.mjs"],"optionalArgs":[],"joinArgs":false} {"metadata":{"emulator":{"name":"ui"},"message":"Starting Emulator UI with command {\"binary\":\"node\",\"args\":[\"C:\\\\Users\\\\damie\\\\.cache\\\\firebase\\\\emulators\\\\ui-v1.11.8\\\\server\\\\server.mjs\"],\"optionalArgs\":[],\"joinArgs\":false}"}}
[info] i  ui: Emulator UI logging to ui-debug.log {"metadata":{"emulator":{"name":"ui"},"message":"Emulator UI logging to \u001b[1mui-debug.log\u001b[22m"}}
[debug] [2024-04-09T14:55:39.790Z] Web / API server started at 127.0.0.1:8081
 {"metadata":{"emulator":{"name":"ui"},"message":"Web / API server started at 127.0.0.1:8081\n"}}
[debug] [2024-04-09T14:55:39.791Z] Web / API server started at ::1:8081
 {"metadata":{"emulator":{"name":"ui"},"message":"Web / API server started at ::1:8081\n"}}
[info] i  functions: Watching "C:\Users\damie\Documents\Dev\js\NodeJs\backend\functions" for Cloud Functions... {"metadata":{"emulator":{"name":"functions"},"message":"Watching \"C:\\Users\\damie\\Documents\\Dev\\js\\NodeJs\\backend\\functions\" for Cloud Functions..."}}
[debug] [2024-04-09T14:55:39.934Z] Validating nodejs source
[debug] [2024-04-09T14:55:41.363Z] > [functions] package.json contents: {
  "name": "functions",
  "description": "",
  "main": "src/app.ts",
  "scripts": {
    "lint": "tsc --noEmit && eslint --ext .js,.ts .",
    "build": "tsc",
    "build:watch": "tsc --watch",
    "serve": "npm run build && firebase emulators:start --only functions",
    "shell": "npm run build && firebase functions:shell",
    "start": "npm run shell",
    "deploy": "firebase deploy --only functions",
    "logs": "firebase functions:log",
    "format": "prettier --write ."
  },
  "engines": {
    "node": "20"
  },
  "dependencies": {
    "bcrypt": "^5.1.1",
    "body-parser": "^1.20.2",
    "dotenv": "^16.4.5",
    "express": "^4.19.2",
    "firebase-admin": "^12.0.0",
    "firebase-functions": "^4.9.0",
    "jsonwebtoken": "^9.0.2",
    "mongoose": "^8.3.1",
    "mongoose-unique-validator": "^5.0.0"
  },
  "devDependencies": {
    "@types/bcrypt": "^5.0.2",
    "@types/mongoose": "^5.11.97",
    "@types/mongoose-unique-validator": "^1.0.9",
    "@typescript-eslint/eslint-plugin": "^5.12.0",
    "@typescript-eslint/parser": "^5.12.0",
    "eslint": "^8.9.0",
    "eslint-config-google": "^0.14.0",
    "eslint-plugin-import": "^2.25.4",
    "firebase-functions-test": "^3.1.0",
    "typescript": "^4.9.0"
  },
  "private": true
}
[debug] [2024-04-09T14:55:41.364Z] Building nodejs source
[debug] [2024-04-09T14:55:41.364Z] Failed to find version of module node: reached end of search path C:\Users\damie\Documents\Dev\js\NodeJs\backend\functions\node_modules
[info] +  functions: Using node@20 from host. 
[info] i  functions: Loaded environment variables from .env. 
[debug] [2024-04-09T14:55:41.370Z] Could not find functions.yaml. Must use http discovery
[debug] [2024-04-09T14:55:41.381Z] Found firebase-functions binary at 'C:\Users\damie\Documents\Dev\js\NodeJs\backend\functions\node_modules\.bin\firebase-functions'
[info] Serving at port 8310

[error] C:\Users\damie\Documents\Dev\js\NodeJs\backend\functions\src\app.ts:1
import { onRequest, HttpsFunction } from "firebase-functions/v2/https";
^^^^^^

SyntaxError: Cannot use import statement outside a module
    at internalCompileFunction (node:internal/vm:128:18)
    at wrapSafe (node:internal/modules/cjs/loader:1280:20)
    at Module._compile (node:internal/modules/cjs/loader:1332:27)
    at Module._extensions..js (node:internal/modules/cjs/loader:1427:10)
    at Module.load (node:internal/modules/cjs/loader:1206:32)
    at Module._load (node:internal/modules/cjs/loader:1022:12)
    at Module.require (node:internal/modules/cjs/loader:1231:19)
    at require (node:internal/modules/helpers:179:18)
    at loadModule (C:\Users\damie\Documents\Dev\js\NodeJs\backend\functions\node_modules\firebase-functions\lib\runtime\loader.js:40:16)
    at loadStack (C:\Users\damie\Documents\Dev\js\NodeJs\backend\functions\node_modules\firebase-functions\lib\runtime\loader.js:93:23)

[debug] [2024-04-09T14:55:41.662Z] Got response code 400; body Failed to generate manifest from function source: SyntaxError: Cannot use import statement outside a module
[error] !!  functions: Failed to load function definition from source: FirebaseError: Functions codebase could not be analyzed successfully. It may have a syntax or runtime error {"metadata":{"emulator":{"name":"functions"},"message":"Failed to load function definition from source: FirebaseError: Functions codebase could not be analyzed successfully. It may have a syntax or runtime error"}}
[info] 
┌─────────────────────────────────────────────────────────────┐
│ ✔  All emulators ready! It is now safe to connect your app. │
│ i  View Emulator UI at http://127.0.0.1:8081/               │
└─────────────────────────────────────────────────────────────┘

┌───────────┬────────────────┬─────────────────────────────────┐
│ Emulator  │ Host:Port      │ View in Emulator UI             │
├───────────┼────────────────┼─────────────────────────────────┤
│ Functions │ 127.0.0.1:5001 │ http://127.0.0.1:8081/functions │
└───────────┴────────────────┴─────────────────────────────────┘
  Emulator Hub running at 127.0.0.1:4400
  Other reserved ports: 4500

Issues? Report them at https://github.com/firebase/firebase-tools/issues and attach the *-debug.log files.
 
